<?xml version="1.0" encoding="UTF-8"?>
<testng-results ignored="0" total="1" passed="1" failed="0" skipped="0">
  <reporter-output>
  </reporter-output>
  <suite started-at="2023-03-14T15:32:44 IST" name="Default suite" finished-at="2023-03-14T15:33:55 IST" duration-ms="71029">
    <groups>
    </groups>
    <test started-at="2023-03-14T15:32:44 IST" name="Default test" finished-at="2023-03-14T15:33:55 IST" duration-ms="71029">
      <class name="com.ass.one.TestngOne">
        <test-method is-config="true" signature="setupTest()[pri:0, instance:com.ass.one.TestngOne@fa49800]" started-at="2023-03-14T15:32:44 IST" name="setupTest" finished-at="2023-03-14T15:32:49 IST" duration-ms="5108" status="PASS">
          <reporter-output>
          </reporter-output>
        </test-method> <!-- setupTest -->
        <test-method signature="T03_backForwardRefreshExample()[pri:0, instance:com.ass.one.TestngOne@fa49800]" started-at="2023-03-14T15:32:49 IST" name="T03_backForwardRefreshExample" finished-at="2023-03-14T15:33:54 IST" duration-ms="64834" status="PASS">
          <reporter-output>
          </reporter-output>
        </test-method> <!-- T03_backForwardRefreshExample -->
        <test-method is-config="true" signature="quitDriver()[pri:0, instance:com.ass.one.TestngOne@fa49800]" started-at="2023-03-14T15:33:54 IST" name="quitDriver" finished-at="2023-03-14T15:33:55 IST" duration-ms="1020" status="PASS">
          <reporter-output>
          </reporter-output>
        </test-method> <!-- quitDriver -->
      </class> <!-- com.ass.one.TestngOne -->
    </test> <!-- Default test -->
  </suite> <!-- Default suite -->
</testng-results>
